Thu, 10 Aug 2023 09:25:34 GMT

    Time: function toLocaleTimeString() { [native code] }
    User IP: ::1
    Route: /api/loaners
    Method: GET
    Body: [object Object]
    ------------------------------------------

---------------------------------Thu, 10 Aug 2023 09:26:28 GMT

    Time: function toLocaleTimeString() { [native code] }
    User IP: ::1
    Route: /api/loaners
    Method: GET
    Body: [object Object]
---------------------------------Thu, 10 Aug 2023 09:28:17 GMT

    Time: function toLocaleTimeString() { [native code] }
    User IP: ::1
    Route: /api/loaners
    Method: GET
    Body: {}
---------------------------------Thu, 10 Aug 2023 09:29:08 GMT

    Time: function toLocaleTimeString() { [native code] }
    User IP: ::1
    Route: /api/loaners/3
    Method: GET
    Body: {}
---------------------------------Thu, 10 Aug 2023 09:30:21 GMT

    User IP: ::1
    Route: /api/loaners/3
    Method: GET
    Body: {}
---------------------------------Thu, 10 Aug 2023 09:32:09 GMT

    User IP: ::1
    Route: /api/loaners/
    Method: POST
    Body: {"israeliId":"499484736","firstName":"Dor","lastName":"Ben-David","cityId":6,"street":"Zealon 14","phone":"6102208"}
---------------------------------Thu, 10 Aug 2023 09:32:54 GMT

    User IP: ::1
    Route: /api/loaners/300
    Method: GET
    Body: {}
---------------------------------Thu, 10 Aug 2023 09:40:07 GMT

    User IP: ::1
    Route: /api/loanere
    Method: GET
    Body: {}
---------------------------------Thu, 10 Aug 2023 09:44:27 GMT

    User IP: ::1
    Route: /api/loaner/321312
    Method: GET
    Body: {}
---------------------------------Thu, 10 Aug 2023 09:48:26 GMT

    User IP: ::1
    Route: /api/loaners1
    Method: GET
    Body: {}
---------------------------------Thu, 10 Aug 2023 10:06:05 GMT

    User IP: ::1
    Route: /api/loanerss
    Method: GET
    Body: {}
---------------------------------Thu, 10 Aug 2023 10:07:20 GMT

    User IP: ::1
    Route: /api/loaners/
    Method: POST
    Body: {"israeliId":3,"firstName":"Dor","lastName":"Ben-David","cityId":6,"street":"Zealon 14","phone":"6102208"}
---------------------------------Thu, 10 Aug 2023 10:07:30 GMT

    User IP: ::1
    Route: /api/loaners/
    Method: POST
    Body: {"firstName":"Dor","lastName":"Ben-David","cityId":6,"street":"Zealon 14","phone":"6102208"}
---------------------------------Thu, 10 Aug 2023 10:07:39 GMT

    User IP: ::1
    Route: /api/loaners/
    Method: POST
    Body: {}
---------------------------------Thu, 10 Aug 2023 10:10:59 GMT

    User IP: ::1
    Route: /api/loaners
    Method: GET
    Body: {}
---------------------------------Thu, 10 Aug 2023 10:14:23 GMT

    User IP: ::1
    Route: /api/loaners
    Method: GET
    Body: {}
---------------------------------Thu, 10 Aug 2023 10:19:23 GMT

    User IP: ::1
    Route: /api/loaners/fsdf
    Method: GET
    Body: {}
---------------------------------Thu, 10 Aug 2023 10:20:29 GMT

    User IP: ::1
    Route: /api/loaners/fsdf
    Method: GET
    Body: {}
---------------------------------Thu, 10 Aug 2023 10:21:06 GMT

    User IP: ::1
    Route: /api/loaners/fsdf
    Method: PUT
    Body: {"israeliId":"53454534","firstName":"Moni","lastName":"Ben-macho","cityId":5,"street":"Zealon 44","phone":"6102258"}
---------------------------------Thu, 10 Aug 2023 10:21:15 GMT

    User IP: ::1
    Route: /api/loaners/fsd
    Method: DELETE
    Body: {"israliId":"499484736","firstName":"Dor","lastName":"Ben-David","cityId":7,"street":"Zealon 14","phone":"6102208"}
---------------------------------Thu, 10 Aug 2023 10:43:22 GMT

    User IP: ::1
    Route: /api/loaners/
    Method: POST
    Body: {"israeliId":499484736,"firstName":"Dor","lastName":"Ben-David","cityId":6,"street":"Zealon 14","phone":"6102208"}
---------------------------------Thu, 10 Aug 2023 10:43:46 GMT

    User IP: ::1
    Route: /api/loaners/
    Method: POST
    Body: {"israeliId":499484736,"firstName":"Dor","lastName":5345,"cityId":6,"street":"Zealon 14","phone":"6102208"}
---------------------------------Thu, 10 Aug 2023 10:44:33 GMT

    User IP: ::1
    Route: /api/loaners/
    Method: POST
    Body: {"firstName":"Dor","lastName":5345,"cityId":6,"street":"Zealon 14","phone":"6102208"}
---------------------------------Thu, 10 Aug 2023 10:45:39 GMT

    User IP: ::1
    Route: /api/loaners/
    Method: POST
    Body: {}
---------------------------------Thu, 10 Aug 2023 10:46:07 GMT

    User IP: ::1
    Route: /api/loaners/
    Method: POST
    Body: {"israeliId":"499484736","firstName":"Dor","lastName":"Ben-David","street":"Zealon 14","phone":"6102208"}
---------------------------------Thu, 10 Aug 2023 10:46:32 GMT

    User IP: ::1
    Route: /api/loaners/
    Method: POST
    Body: {"cityId":6}
---------------------------------Thu, 10 Aug 2023 10:48:42 GMT

    User IP: ::1
    Route: /api/loaners/
    Method: POST
    Body: {"cityId":6}
---------------------------------Thu, 10 Aug 2023 10:48:55 GMT

    User IP: ::1
    Route: /api/loaners/
    Method: POST
    Body: {"israeliId":499484736,"firstName":"Dor","lastName":"Ben-David","cityId":6,"street":"Zealon 14","phone":"6102208"}
---------------------------------Thu, 10 Aug 2023 10:49:09 GMT

    User IP: ::1
    Route: /api/loaners/
    Method: POST
    Body: {"israeliId":"499484736","firstName":"Dofdsfsdfsdfsdfsdfsdfr","lastName":"Ben-David","cityId":6,"street":"Zealon 14","phone":"6102208"}
---------------------------------Thu, 10 Aug 2023 10:49:22 GMT

    User IP: ::1
    Route: /api/loaners/
    Method: POST
    Body: {"israeliId":"499484736","firstName":"d","lastName":"Ben-David","cityId":6,"street":"Zealon 14","phone":"6102208"}
---------------------------------Thu, 10 Aug 2023 10:49:31 GMT

    User IP: ::1
    Route: /api/loaners/
    Method: POST
    Body: {"israeliId":"499484736","firstName":"dor","lastName":"Ben-David","cityId":"6","street":"Zealon 14","phone":"6102208"}
---------------------------------Thu, 10 Aug 2023 10:49:54 GMT

    User IP: ::1
    Route: /api/loaners/
    Method: POST
    Body: {"israeliId":"499484736","firstName":"dor","lastName":"Ben-David","cityId":"6","street":"Zealon 14","phone":"610220844"}
---------------------------------Thu, 10 Aug 2023 10:50:34 GMT

    User IP: ::1
    Route: /api/loaners/
    Method: POST
    Body: {"israeliId":"499484736","firstName":"dor","lastName":"Ben-David","cityId":"6gdfgdfgdfgdfgdfgdfgdfgdfgdf","street":"Zealon 14","phone":"610220844"}
---------------------------------Thu, 10 Aug 2023 10:50:49 GMT

    User IP: ::1
    Route: /api/loaners/
    Method: POST
    Body: {"israeliId":"499484736","firstName":"dor","lastName":"Ben-David","cityId":"54345345435","street":"Zealon 14","phone":"610220844"}
---------------------------------Thu, 10 Aug 2023 10:51:10 GMT

    User IP: ::1
    Route: /api/loaners/
    Method: POST
    Body: {"israeliId":"499484736","firstName":"dor","lastName":"Ben-David","cityId":-5,"street":"Zealon 14","phone":"610220844"}
---------------------------------Thu, 10 Aug 2023 10:51:51 GMT

    User IP: ::1
    Route: /api/loaners/
    Method: POST
    Body: {"israeliId":"499484736","firstName":"dor","lastName":"Ben-David","cityId":0,"street":"Zealon 14","phone":"610220844"}
---------------------------------Thu, 10 Aug 2023 10:52:19 GMT

    User IP: ::1
    Route: /api/loaners/
    Method: POST
    Body: {"israeliId":"499484736","firstName":"dor","lastName":"Ben-David","cityId":20,"street":"Zealon 14","phone":"610220844"}
---------------------------------Thu, 10 Aug 2023 10:53:00 GMT

    User IP: ::1
    Route: /api/loaners/
    Method: POST
    Body: {"israeliId":"499484736","firstName":"dor","lastName":"Ben-David","cityId":20,"street":"Zealon 14","phone":"610220844"}
---------------------------------Thu, 10 Aug 2023 10:53:25 GMT

    User IP: ::1
    Route: /api/loaners/
    Method: POST
    Body: {"israeliId":"499484736","firstName":"dor","lastName":"Ben-David","cityId":5.5,"street":"Zealon 14","phone":"610220844"}
---------------------------------Thu, 10 Aug 2023 11:16:22 GMT

    User IP: ::1
    Route: /api/loaners
    Method: GET
    Body: {}
---------------------------------Thu, 10 Aug 2023 11:45:56 GMT

    User IP: ::1
    Route: /api/loaners
    Method: GET
    Body: {}
---------------------------------Thu, 10 Aug 2023 11:46:57 GMT

    User IP: ::1
    Route: /api/loaners/4
    Method: GET
    Body: {}
---------------------------------Sat, 12 Aug 2023 16:14:44 GMT

    User IP: ::1
    Route: /api/loaners
    Method: GET
    Body: {}
---------------------------------Sat, 12 Aug 2023 16:37:23 GMT

    User IP: ::1
    Route: /api/loaners
    Method: GET
    Body: {}
---------------------------------Sat, 12 Aug 2023 16:38:00 GMT

    User IP: ::1
    Route: /api/loaners/4
    Method: GET
    Body: {}
---------------------------------Sat, 12 Aug 2023 16:39:31 GMT

    User IP: ::1
    Route: /api/loaners/
    Method: POST
    Body: {"israeliId":"499484736","firstName":"dor","lastName":"Ben-David","cityId":5,"street":"Zealon 14","phone":"610220844"}
---------------------------------Sat, 12 Aug 2023 16:45:16 GMT

    User IP: ::1
    Route: /api/loaners/
    Method: POST
    Body: {"israeliId":"499484736","firstName":"dor","lastName":"Ben-David","cityId":5,"street":"Zealon 14","phone":"610220844"}
---------------------------------Sat, 12 Aug 2023 16:45:54 GMT

    User IP: ::1
    Route: /api/loaners/3
    Method: PUT
    Body: {"israeliId":"53454534","firstName":"Moni","lastName":"Ben-macho","cityId":5,"street":"Zealon 44","phone":"6102258"}
---------------------------------Sat, 12 Aug 2023 16:46:04 GMT

    User IP: ::1
    Route: /api/loaners/3
    Method: PUT
    Body: {"israeliId":"53454534","firstName":"Moni","lastName":"Ben-macho","cityId":5,"street":"Zealon 44","phone":"610225899"}
---------------------------------Sat, 12 Aug 2023 17:20:15 GMT

    User IP: ::1
    Route: /api/loaners
    Method: GET
    Body: {}
---------------------------------Sat, 12 Aug 2023 17:20:51 GMT

    User IP: ::1
    Route: /api/loaners
    Method: GET
    Body: {}
---------------------------------Sat, 12 Aug 2023 17:21:04 GMT

    User IP: ::1
    Route: /api/loaners
    Method: GET
    Body: {}
---------------------------------Sat, 12 Aug 2023 17:21:30 GMT

    User IP: ::1
    Route: /api/loaners
    Method: GET
    Body: {}
---------------------------------Sat, 12 Aug 2023 17:22:32 GMT

    User IP: ::1
    Route: /api/loaners
    Method: GET
    Body: {}
---------------------------------Sat, 12 Aug 2023 17:33:06 GMT

    User IP: ::1
    Route: /api/loaners
    Method: GET
    Body: {}
---------------------------------Sat, 12 Aug 2023 17:38:32 GMT

    User IP: ::1
    Route: /api/loaners
    Method: GET
    Body: {}
---------------------------------Sat, 12 Aug 2023 17:38:41 GMT

    User IP: ::1
    Route: /api/loaners
    Method: GET
    Body: {}
---------------------------------Sat, 12 Aug 2023 17:38:54 GMT

    User IP: ::1
    Route: /api/loaners
    Method: GET
    Body: {}
---------------------------------Sat, 12 Aug 2023 17:42:53 GMT

    User IP: ::1
    Route: /api/loaners
    Method: GET
    Body: {}
---------------------------------Sat, 12 Aug 2023 17:43:47 GMT

    User IP: ::1
    Route: /api/loaners
    Method: GET
    Body: {}
---------------------------------Sat, 12 Aug 2023 17:43:51 GMT

    User IP: ::1
    Route: /api/loaners
    Method: GET
    Body: {}
---------------------------------Sat, 12 Aug 2023 17:43:57 GMT

    User IP: ::1
    Route: /api/loaners
    Method: GET
    Body: {}
---------------------------------Sat, 12 Aug 2023 17:44:01 GMT

    User IP: ::1
    Route: /api/loaners
    Method: GET
    Body: {}
---------------------------------Sat, 12 Aug 2023 18:00:56 GMT

    User IP: ::1
    Route: /api/loaners
    Method: GET
    Body: {}
---------------------------------Sat, 12 Aug 2023 18:00:58 GMT

    User IP: ::1
    Route: /api/loaners
    Method: GET
    Body: {}
---------------------------------Sat, 12 Aug 2023 18:00:59 GMT

    User IP: ::1
    Route: /api/loaners
    Method: GET
    Body: {}
---------------------------------Sat, 12 Aug 2023 18:01:00 GMT

    User IP: ::1
    Route: /api/loaners
    Method: GET
    Body: {}
---------------------------------Sat, 12 Aug 2023 18:01:01 GMT

    User IP: ::1
    Route: /api/loaners
    Method: GET
    Body: {}
---------------------------------Sat, 12 Aug 2023 18:01:03 GMT

    User IP: ::1
    Route: /api/loaners
    Method: GET
    Body: {}
---------------------------------Sat, 12 Aug 2023 18:01:03 GMT

    User IP: ::1
    Route: /api/loaners
    Method: GET
    Body: {}
---------------------------------Sat, 12 Aug 2023 18:01:04 GMT

    User IP: ::1
    Route: /api/loaners
    Method: GET
    Body: {}
---------------------------------