Thu, 10 Aug 2023 10:06:05 GMT
Route /api/loanerss doesn't exist.
---------------------------------Thu, 10 Aug 2023 10:07:39 GMT
ER_NO_REFERENCED_ROW_2: Cannot add or update a child row: a foreign key constraint fails (`levavi`.`loaners`, CONSTRAINT `loaners_ibfk_1` FOREIGN KEY (`cityId`) REFERENCES `cities` (`cityId`))
---------------------------------Thu, 10 Aug 2023 10:14:23 GMT
connect ECONNREFUSED ::1:3306
---------------------------------Thu, 10 Aug 2023 10:19:23 GMT
ER_BAD_FIELD_ERROR: Unknown column 'NaN' in 'where clause'
---------------------------------Thu, 10 Aug 2023 10:20:29 GMT
Route /api/loaners/fsdf doesn't exist.
---------------------------------Thu, 10 Aug 2023 10:21:06 GMT
Route /api/loaners/fsdf doesn't exist.
---------------------------------Thu, 10 Aug 2023 10:21:15 GMT
Route /api/loaners/fsd doesn't exist.
---------------------------------Thu, 10 Aug 2023 10:45:39 GMT
ER_NO_REFERENCED_ROW_2: Cannot add or update a child row: a foreign key constraint fails (`levavi`.`loaners`, CONSTRAINT `loaners_ibfk_1` FOREIGN KEY (`cityId`) REFERENCES `cities` (`cityId`))
---------------------------------Thu, 10 Aug 2023 10:46:07 GMT
ER_NO_REFERENCED_ROW_2: Cannot add or update a child row: a foreign key constraint fails (`levavi`.`loaners`, CONSTRAINT `loaners_ibfk_1` FOREIGN KEY (`cityId`) REFERENCES `cities` (`cityId`))
---------------------------------Thu, 10 Aug 2023 10:48:42 GMT
"israeliId" is required
---------------------------------Thu, 10 Aug 2023 10:48:55 GMT
"israeliId" must be a string
---------------------------------Thu, 10 Aug 2023 10:49:09 GMT
"firstName" length must be less than or equal to 20 characters long
---------------------------------Thu, 10 Aug 2023 10:49:22 GMT
"firstName" length must be at least 2 characters long
---------------------------------Thu, 10 Aug 2023 10:49:31 GMT
"phone" length must be at least 9 characters long
---------------------------------Thu, 10 Aug 2023 10:50:34 GMT
"cityId" must be a number
---------------------------------Thu, 10 Aug 2023 10:50:49 GMT
ER_NO_REFERENCED_ROW_2: Cannot add or update a child row: a foreign key constraint fails (`levavi`.`loaners`, CONSTRAINT `loaners_ibfk_1` FOREIGN KEY (`cityId`) REFERENCES `cities` (`cityId`))
---------------------------------Thu, 10 Aug 2023 10:51:10 GMT
"cityId" must be a positive number
---------------------------------Thu, 10 Aug 2023 10:51:51 GMT
"cityId" must be a positive number
---------------------------------Thu, 10 Aug 2023 10:52:19 GMT
ER_NO_REFERENCED_ROW_2: Cannot add or update a child row: a foreign key constraint fails (`levavi`.`loaners`, CONSTRAINT `loaners_ibfk_1` FOREIGN KEY (`cityId`) REFERENCES `cities` (`cityId`))
---------------------------------Thu, 10 Aug 2023 10:53:00 GMT
"cityId" must be less than or equal to 10
---------------------------------Thu, 10 Aug 2023 10:53:25 GMT
"cityId" must be an integer
---------------------------------Sat, 12 Aug 2023 16:45:54 GMT
"phone" length must be at least 9 characters long
---------------------------------Sat, 12 Aug 2023 17:20:51 GMT
connect ECONNREFUSED ::1:3306
---------------------------------Sat, 12 Aug 2023 17:21:04 GMT
connect ECONNREFUSED ::1:3306
---------------------------------Sat, 12 Aug 2023 17:22:32 GMT
connect ECONNREFUSED ::1:3306
---------------------------------